2025-02-18 18:06:07,078 [INFO] Activator:176 - 


2025-02-18 18:06:07,079 [INFO] Activator:177 - !SESSION log4j initialized
2025-02-18 18:06:08,933 [ERROR] LogOutputStream:75 - [STDERR_REDIRECT] 
2025-02-18 18:06:10,903 [INFO] LogOutputStream:77 - [STDOUT_REDIRECT] 
2025-02-18 18:06:12,776 [INFO] ApplicationProperties:184 - Using Application install path: /Applications/STM32CubeIDE.app/Contents/Eclipse/plugins/com.st.stm32cube.common.mx_6.13.0.202411220809
2025-02-18 18:06:12,791 [INFO] DbMcusXml:78 - Set database path to: /Applications/STM32CubeIDE.app/Contents/Eclipse/plugins/com.st.stm32cube.common.mx_6.13.0.202411220809//db//mcu/
2025-02-18 18:06:12,791 [INFO] ApiDb:274 - Set plugin database path to: /Applications/STM32CubeIDE.app/Contents/Eclipse/plugins/com.st.stm32cube.common.mx_6.13.0.202411220809//db//plugins/boardmanager/
2025-02-18 18:06:12,791 [WARN] ApiDb:259 - Overriding images path with different value:  => /Applications/STM32CubeIDE.app/Contents/Eclipse/plugins/com.st.stm32cube.common.mx_6.13.0.202411220809//db//plugins/mcufinder/images/
2025-02-18 18:06:12,798 [INFO] ApiDb:250 - Set database path to: /Users/novamondal/.stmcufinder/plugins/mcufinder//mcu/
2025-02-18 18:06:12,799 [INFO] DbMcusAds:125 - Set database path to: /Users/novamondal/.stmcufinder/plugins/mcufinder//mcu/
2025-02-18 18:06:12,801 [INFO] CrossReferenceDbSqlite:203 - Set database path to: /Users/novamondal/.stmcufinder/plugins/mcufinder//mcu/cs/
2025-02-18 18:06:12,957 [INFO] RulesReader:64 - Compatibility file has been processed (297 Rules)
2025-02-18 18:06:13,048 [INFO] DbMcusXml:78 - Set database path to: /Applications/STM32CubeIDE.app/Contents/Eclipse/plugins/com.st.stm32cube.common.mx_6.13.0.202411220809//db//mcu/
2025-02-18 18:06:13,049 [INFO] ApiDb:274 - Set plugin database path to: /Applications/STM32CubeIDE.app/Contents/Eclipse/plugins/com.st.stm32cube.common.mx_6.13.0.202411220809//db//plugins/boardmanager/
2025-02-18 18:06:13,049 [INFO] ApiDb:261 - Set plugin images path to: /Applications/STM32CubeIDE.app/Contents/Eclipse/plugins/com.st.stm32cube.common.mx_6.13.0.202411220809//db//plugins/mcufinder/images/
2025-02-18 18:06:13,049 [WARN] DbFile:41 - Overriding database path with different value: /Users/novamondal/.stmcufinder/plugins/mcufinder/ => /Users/novamondal/.stmcufinder/plugins/mcufinder
2025-02-18 18:06:13,049 [INFO] ApiDb:250 - Set database path to: /Users/novamondal/.stmcufinder/plugins/mcufinder//mcu/
2025-02-18 18:06:13,049 [WARN] DbFile:41 - Overriding database path with different value: /Users/novamondal/.stmcufinder/plugins/mcufinder/ => /Users/novamondal/.stmcufinder/plugins/mcufinder
2025-02-18 18:06:13,049 [INFO] DbMcusAds:125 - Set database path to: /Users/novamondal/.stmcufinder/plugins/mcufinder//mcu/
2025-02-18 18:06:13,050 [WARN] DbFile:41 - Overriding database path with different value: /Users/novamondal/.stmcufinder/plugins/mcufinder/ => /Users/novamondal/.stmcufinder/plugins/mcufinder
2025-02-18 18:06:13,050 [WARN] DbFile:41 - Overriding database path with different value: /Users/novamondal/.stmcufinder/plugins/mcufinder/ => /Users/novamondal/.stmcufinder/plugins/mcufinder
2025-02-18 18:06:13,050 [INFO] CrossReferenceDbSqlite:203 - Set database path to: /Users/novamondal/.stmcufinder/plugins/mcufinder//mcu/cs/
2025-02-18 18:06:13,131 [INFO] MainPanel:272 - HeapMemory: 268435456
2025-02-18 18:06:13,579 [INFO] DbMcusXml:78 - Set database path to: /Applications/STM32CubeIDE.app/Contents/Eclipse/plugins/com.st.stm32cube.common.mx_6.13.0.202411220809//db//mcu/
2025-02-18 18:06:13,579 [INFO] ApiDb:274 - Set plugin database path to: /Applications/STM32CubeIDE.app/Contents/Eclipse/plugins/com.st.stm32cube.common.mx_6.13.0.202411220809//db//plugins/boardmanager/
2025-02-18 18:06:13,579 [INFO] ApiDb:261 - Set plugin images path to: /Applications/STM32CubeIDE.app/Contents/Eclipse/plugins/com.st.stm32cube.common.mx_6.13.0.202411220809//db//plugins/mcufinder/images/
2025-02-18 18:06:13,580 [WARN] DbFile:41 - Overriding database path with different value: /Users/novamondal/.stmcufinder/plugins/mcufinder/ => /Users/novamondal/.stmcufinder/plugins/mcufinder
2025-02-18 18:06:13,580 [INFO] ApiDb:250 - Set database path to: /Users/novamondal/.stmcufinder/plugins/mcufinder//mcu/
2025-02-18 18:06:13,580 [WARN] DbFile:41 - Overriding database path with different value: /Users/novamondal/.stmcufinder/plugins/mcufinder/ => /Users/novamondal/.stmcufinder/plugins/mcufinder
2025-02-18 18:06:13,580 [INFO] DbMcusAds:125 - Set database path to: /Users/novamondal/.stmcufinder/plugins/mcufinder//mcu/
2025-02-18 18:06:13,580 [WARN] DbFile:41 - Overriding database path with different value: /Users/novamondal/.stmcufinder/plugins/mcufinder/ => /Users/novamondal/.stmcufinder/plugins/mcufinder
2025-02-18 18:06:13,580 [WARN] DbFile:41 - Overriding database path with different value: /Users/novamondal/.stmcufinder/plugins/mcufinder/ => /Users/novamondal/.stmcufinder/plugins/mcufinder
2025-02-18 18:06:13,580 [INFO] CrossReferenceDbSqlite:203 - Set database path to: /Users/novamondal/.stmcufinder/plugins/mcufinder//mcu/cs/
2025-02-18 18:06:13,602 [INFO] ApplicationProperties:184 - Using Application install path: /Applications/STM32CubeIDE.app/Contents/Eclipse/plugins/com.st.stm32cube.common.mx_6.13.0.202411220809
2025-02-18 18:06:13,603 [INFO] PluginManage:196 - Search for loadable plugins [exclusion list=, ]
2025-02-18 18:06:13,605 [INFO] PluginManage:310 - Check plugin analytics
2025-02-18 18:06:13,817 [INFO] AnalyticsPlugin:253 - Accepted Software Licenses: 
2025-02-18 18:06:13,817 [INFO] AnalyticsPlugin:255 - Accepted CMSIS Pack Licenses: 
2025-02-18 18:06:13,817 [INFO] AnalyticsPlugin:257 - Accepted Firmware Licenses: FW.L4.1.18.0
2025-02-18 18:06:13,827 [INFO] PluginManage:359 - Loaded plugin analytics (category:tool,tabindex:-1)
2025-02-18 18:06:13,828 [INFO] PluginManage:310 - Check plugin cadmodel
2025-02-18 18:06:13,838 [INFO] CADModel:105 - Init CAD model plugin
2025-02-18 18:06:13,838 [INFO] PluginManage:359 - Loaded plugin cadmodel (category:power,tabindex:5)
2025-02-18 18:06:13,839 [INFO] PluginManage:310 - Check plugin clock
2025-02-18 18:06:13,852 [INFO] PluginManage:359 - Loaded plugin clock (category:base,tabindex:2)
2025-02-18 18:06:13,852 [INFO] PluginManage:310 - Check plugin ddr
2025-02-18 18:06:13,854 [INFO] PluginManage:359 - Loaded plugin ddr (category:tool,tabindex:6)
2025-02-18 18:06:13,854 [INFO] PluginManage:310 - Check plugin filemanager
2025-02-18 18:06:14,012 [INFO] PluginManage:359 - Loaded plugin filemanager (category:base,tabindex:10)
2025-02-18 18:06:14,013 [INFO] PluginManage:310 - Check plugin ipmanager
2025-02-18 18:06:14,021 [INFO] PluginManage:359 - Loaded plugin ipmanager (category:base,tabindex:5)
2025-02-18 18:06:14,021 [INFO] PluginManage:310 - Check plugin lpbam
2025-02-18 18:06:14,031 [INFO] PluginManage:359 - Loaded plugin lpbam (category:base,tabindex:0)
2025-02-18 18:06:14,031 [INFO] PluginManage:310 - Check plugin memorymap
2025-02-18 18:06:14,043 [INFO] PluginManage:359 - Loaded plugin memorymap (category:base,tabindex:4)
2025-02-18 18:06:14,043 [INFO] PluginManage:310 - Check plugin pinoutandconfiguration
2025-02-18 18:06:14,049 [INFO] PluginManage:359 - Loaded plugin pinoutandconfiguration (category:base,tabindex:1)
2025-02-18 18:06:14,049 [INFO] PluginManage:310 - Check plugin pinoutconfig
2025-02-18 18:06:14,477 [WARN] SupportedApi:132 - Cannot load RTOS API schema: s4s-elt-must-match.1: The content of 'definitions' must match (annotation?, (simpleType | complexType)?, (unique | key | keyref)*)). A problem was found starting at: attribute.
2025-02-18 18:06:14,748 [INFO] PluginManage:359 - Loaded plugin pinoutconfig (category:base,tabindex:0)
2025-02-18 18:06:14,750 [INFO] PluginManage:310 - Check plugin power
2025-02-18 18:06:14,791 [INFO] PluginManage:359 - Loaded plugin power (category:power,tabindex:4)
2025-02-18 18:06:14,792 [INFO] PluginManage:310 - Check plugin projectmanager
2025-02-18 18:06:14,854 [INFO] PluginManage:359 - Loaded plugin projectmanager (category:projectmanager,tabindex:4)
2025-02-18 18:06:14,855 [INFO] PluginManage:310 - Check plugin rif
2025-02-18 18:06:14,862 [INFO] PluginManage:359 - Loaded plugin rif (category:base,tabindex:3)
2025-02-18 18:06:14,863 [INFO] PluginManage:310 - Check plugin thirdparty
2025-02-18 18:06:15,067 [INFO] PluginManage:359 - Loaded plugin thirdparty (category:base,tabindex:-1)
2025-02-18 18:06:15,068 [INFO] PluginManage:310 - Check plugin tools
2025-02-18 18:06:15,072 [INFO] PluginManage:359 - Loaded plugin tools (category:base,tabindex:7)
2025-02-18 18:06:15,067 [WARN] IntegrityCheckThread:84 - waiting for thirdparty lock release [integrity check]
2025-02-18 18:06:15,072 [INFO] IntegrityCheckThread:86 - entering critical section [integrity check]
2025-02-18 18:06:15,072 [INFO] PluginManage:310 - Check plugin tutovideos
2025-02-18 18:06:15,073 [INFO] ThirdPartyUpdaterWithRetryManager:70 - Updater plugin not ready yet. [1/15]
2025-02-18 18:06:15,263 [INFO] PluginManage:359 - Loaded plugin tutovideos (category:base,tabindex:-1)
2025-02-18 18:06:15,263 [INFO] PluginManage:310 - Check plugin updater
2025-02-18 18:06:15,296 [INFO] PluginManage:359 - Loaded plugin updater (category:base,tabindex:12)
2025-02-18 18:06:15,296 [INFO] PluginManage:310 - Check plugin userauth
2025-02-18 18:06:15,302 [INFO] UserAuth:118 - Init User Auth plugin
2025-02-18 18:06:15,304 [INFO] PluginManage:359 - Loaded plugin userauth (category:base,tabindex:14)
2025-02-18 18:06:15,305 [INFO] PluginManage:283 - PluginManage : Loaded plugins [18]
2025-02-18 18:06:15,896 [INFO] PinOutPanel:1589 - setPackage(No Configuration,No Configuration)
2025-02-18 18:06:15,987 [ERROR] LogOutputStream:75 - [STDERR_REDIRECT] [Fatal Error] :2:10: DOCTYPE is disallowed when the feature "http://apache.org/xml/features/disallow-doctype-decl" set to true.
2025-02-18 18:06:15,988 [ERROR] LogOutputStream:75 - [STDERR_REDIRECT] 
2025-02-18 18:06:15,995 [INFO] CADModel:165 - CPN selected for project level
2025-02-18 18:06:15,995 [INFO] CADModel:114 - Register for checkConnection events
2025-02-18 18:06:16,008 [INFO] IPUIPlugin:80 - create IPUIPlugin
2025-02-18 18:06:16,008 [INFO] PluginManager:220 - loadIPPluginJar : add mdma
2025-02-18 18:06:16,014 [INFO] IPUIPlugin:80 - create IPUIPlugin
2025-02-18 18:06:16,014 [INFO] PluginManager:220 - loadIPPluginJar : add freertos
2025-02-18 18:06:16,018 [INFO] IPUIPlugin:80 - create IPUIPlugin
2025-02-18 18:06:16,018 [INFO] PluginManager:220 - loadIPPluginJar : add gic
2025-02-18 18:06:16,025 [INFO] IPUIPlugin:80 - create IPUIPlugin
2025-02-18 18:06:16,025 [INFO] PluginManager:220 - loadIPPluginJar : add adc
2025-02-18 18:06:16,027 [INFO] IPUIPlugin:80 - create IPUIPlugin
2025-02-18 18:06:16,027 [INFO] PluginManager:220 - loadIPPluginJar : add gtzc
2025-02-18 18:06:16,028 [INFO] IPUIPlugin:80 - create IPUIPlugin
2025-02-18 18:06:16,028 [INFO] PluginManager:220 - loadIPPluginJar : add quadspi
2025-02-18 18:06:16,029 [INFO] IPUIPlugin:80 - create IPUIPlugin
2025-02-18 18:06:16,029 [INFO] PluginManager:220 - loadIPPluginJar : add aes
2025-02-18 18:06:16,031 [INFO] IPUIPlugin:80 - create IPUIPlugin
2025-02-18 18:06:16,031 [INFO] PluginManager:220 - loadIPPluginJar : add pdm2pcm
2025-02-18 18:06:16,033 [INFO] IPUIPlugin:80 - create IPUIPlugin
2025-02-18 18:06:16,033 [INFO] PluginManager:220 - loadIPPluginJar : add hash
2025-02-18 18:06:16,034 [INFO] IPUIPlugin:80 - create IPUIPlugin
2025-02-18 18:06:16,034 [INFO] PluginManager:220 - loadIPPluginJar : add tim
2025-02-18 18:06:16,035 [INFO] IPUIPlugin:80 - create IPUIPlugin
2025-02-18 18:06:16,035 [INFO] PluginManager:220 - loadIPPluginJar : add tsc
2025-02-18 18:06:16,037 [INFO] IPUIPlugin:80 - create IPUIPlugin
2025-02-18 18:06:16,037 [INFO] PluginManager:220 - loadIPPluginJar : add extmemmanager
2025-02-18 18:06:16,038 [INFO] IPUIPlugin:80 - create IPUIPlugin
2025-02-18 18:06:16,038 [INFO] PluginManager:220 - loadIPPluginJar : add ts
2025-02-18 18:06:16,039 [INFO] IPUIPlugin:80 - create IPUIPlugin
2025-02-18 18:06:16,039 [INFO] PluginManager:220 - loadIPPluginJar : add radio
2025-02-18 18:06:16,041 [INFO] IPUIPlugin:80 - create IPUIPlugin
2025-02-18 18:06:16,041 [INFO] PluginManager:220 - loadIPPluginJar : add can
2025-02-18 18:06:16,043 [INFO] IPUIPlugin:80 - create IPUIPlugin
2025-02-18 18:06:16,043 [INFO] PluginManager:220 - loadIPPluginJar : add dma3
2025-02-18 18:06:16,044 [INFO] IPUIPlugin:80 - create IPUIPlugin
2025-02-18 18:06:16,044 [INFO] PluginManager:220 - loadIPPluginJar : add dfsdm
2025-02-18 18:06:16,045 [INFO] IPUIPlugin:80 - create IPUIPlugin
2025-02-18 18:06:16,045 [INFO] PluginManager:220 - loadIPPluginJar : add spi
2025-02-18 18:06:16,047 [INFO] IPUIPlugin:80 - create IPUIPlugin
2025-02-18 18:06:16,047 [INFO] PluginManager:220 - loadIPPluginJar : add gfxmmu
2025-02-18 18:06:16,048 [INFO] IPUIPlugin:80 - create IPUIPlugin
2025-02-18 18:06:16,049 [INFO] PluginManager:220 - loadIPPluginJar : add genericplugin
2025-02-18 18:06:16,050 [INFO] IPUIPlugin:80 - create IPUIPlugin
2025-02-18 18:06:16,050 [INFO] PluginManager:220 - loadIPPluginJar : add cryp
2025-02-18 18:06:16,053 [INFO] IPUIPlugin:80 - create IPUIPlugin
2025-02-18 18:06:16,053 [INFO] PluginManager:220 - loadIPPluginJar : add gpio
2025-02-18 18:06:16,055 [INFO] IPUIPlugin:80 - create IPUIPlugin
2025-02-18 18:06:16,055 [INFO] PluginManager:220 - loadIPPluginJar : add ddr_ctrl_phy
2025-02-18 18:06:16,057 [INFO] IPUIPlugin:80 - create IPUIPlugin
2025-02-18 18:06:16,057 [INFO] PluginManager:220 - loadIPPluginJar : add comp
2025-02-18 18:06:16,059 [INFO] IPUIPlugin:80 - create IPUIPlugin
2025-02-18 18:06:16,059 [INFO] PluginManager:220 - loadIPPluginJar : add tracer_emb
2025-02-18 18:06:16,061 [INFO] IPUIPlugin:80 - create IPUIPlugin
2025-02-18 18:06:16,061 [INFO] PluginManager:220 - loadIPPluginJar : add openamp
2025-02-18 18:06:16,064 [INFO] IPUIPlugin:80 - create IPUIPlugin
2025-02-18 18:06:16,064 [INFO] PluginManager:220 - loadIPPluginJar : add stm32_wpan
2025-02-18 18:06:16,068 [INFO] IPUIPlugin:80 - create IPUIPlugin
2025-02-18 18:06:16,072 [INFO] PluginManager:220 - loadIPPluginJar : add plateformsettings
2025-02-18 18:06:16,074 [INFO] IPUIPlugin:80 - create IPUIPlugin
2025-02-18 18:06:16,074 [INFO] PluginManager:220 - loadIPPluginJar : add ipddr
2025-02-18 18:06:16,075 [INFO] IPUIPlugin:80 - create IPUIPlugin
2025-02-18 18:06:16,075 [INFO] PluginManager:220 - loadIPPluginJar : add usart
2025-02-18 18:06:16,076 [INFO] IPUIPlugin:80 - create IPUIPlugin
2025-02-18 18:06:16,076 [INFO] PluginManager:220 - loadIPPluginJar : add ltdc
2025-02-18 18:06:16,078 [INFO] IPUIPlugin:80 - create IPUIPlugin
2025-02-18 18:06:16,078 [INFO] PluginManager:220 - loadIPPluginJar : add nvic
2025-02-18 18:06:16,079 [INFO] IPUIPlugin:80 - create IPUIPlugin
2025-02-18 18:06:16,079 [INFO] PluginManager:220 - loadIPPluginJar : add fatfs
2025-02-18 18:06:16,084 [INFO] IPUIPlugin:80 - create IPUIPlugin
2025-02-18 18:06:16,084 [INFO] PluginManager:220 - loadIPPluginJar : add linkedlist
2025-02-18 18:06:16,088 [INFO] IPUIPlugin:80 - create IPUIPlugin
2025-02-18 18:06:16,089 [INFO] PluginManager:220 - loadIPPluginJar : add dma
2025-02-18 18:06:16,092 [INFO] IPUIPlugin:80 - create IPUIPlugin
2025-02-18 18:06:16,092 [INFO] PluginManager:220 - loadIPPluginJar : add fmc
2025-02-18 18:06:16,093 [INFO] IPUIPlugin:80 - create IPUIPlugin
2025-02-18 18:06:16,093 [INFO] PluginManager:220 - loadIPPluginJar : add i2s
2025-02-18 18:06:16,095 [INFO] IPUIPlugin:80 - create IPUIPlugin
2025-02-18 18:06:16,095 [INFO] PluginManager:220 - loadIPPluginJar : add ucpd
2025-02-18 18:06:16,098 [INFO] IPUIPlugin:80 - create IPUIPlugin
2025-02-18 18:06:16,098 [INFO] PluginManager:220 - loadIPPluginJar : add lorawan
2025-02-18 18:06:16,100 [INFO] IPUIPlugin:80 - create IPUIPlugin
2025-02-18 18:06:16,100 [INFO] PluginManager:220 - loadIPPluginJar : add opamp
2025-02-18 18:06:16,102 [INFO] IPUIPlugin:80 - create IPUIPlugin
2025-02-18 18:06:16,102 [INFO] PluginManager:220 - loadIPPluginJar : add i3c
2025-02-18 18:06:16,104 [INFO] IPUIPlugin:80 - create IPUIPlugin
2025-02-18 18:06:16,105 [INFO] PluginManager:220 - loadIPPluginJar : add touchsensing
2025-02-18 18:06:16,108 [INFO] IPUIPlugin:80 - create IPUIPlugin
2025-02-18 18:06:16,108 [INFO] PluginManager:220 - loadIPPluginJar : add i2c
2025-02-18 18:06:16,110 [INFO] IPUIPlugin:80 - create IPUIPlugin
2025-02-18 18:06:16,110 [INFO] PluginManager:220 - loadIPPluginJar : add resmgrutility
2025-02-18 18:06:16,113 [INFO] IPUIPlugin:80 - create IPUIPlugin
2025-02-18 18:06:16,113 [INFO] PluginManager:220 - loadIPPluginJar : add sai
2025-02-18 18:06:16,115 [INFO] IPUIPlugin:80 - create IPUIPlugin
2025-02-18 18:06:16,115 [INFO] PluginManager:220 - loadIPPluginJar : add usbx
2025-02-18 18:06:16,228 [FATAL] Updater:351 - Updater called before beeing initialized
2025-02-18 18:06:16,295 [INFO] RulesReader:64 - Compatibility file has been processed (297 Rules)
2025-02-18 18:06:16,320 [INFO] RulesReader:64 - Compatibility file has been processed (297 Rules)
2025-02-18 18:06:16,341 [INFO] CADModel:165 - CPN selected for project level
2025-02-18 18:06:16,341 [INFO] CADModel:114 - Register for checkConnection events
2025-02-18 18:06:16,341 [FATAL] Updater:351 - Updater called before beeing initialized
2025-02-18 18:06:16,341 [ERROR] CADModel:125 - Updater not yet initialized, retry later 
2025-02-18 18:06:16,758 [FATAL] Updater:351 - Updater called before beeing initialized
2025-02-18 18:06:16,769 [INFO] CADModel:165 - CPN selected for project level
2025-02-18 18:06:16,771 [INFO] CADModel:114 - Register for checkConnection events
2025-02-18 18:06:16,771 [FATAL] Updater:351 - Updater called before beeing initialized
2025-02-18 18:06:16,771 [ERROR] CADModel:125 - Updater not yet initialized, retry later 
2025-02-18 18:06:16,776 [FATAL] Updater:351 - Updater called before beeing initialized
2025-02-18 18:06:17,028 [FATAL] Updater:351 - Updater called before beeing initialized
2025-02-18 18:06:17,042 [INFO] DbMcusAds:53 - JSON generation date=Tue Dec 17 08:01:15 PST 2024 (1734451275111)
2025-02-18 18:06:17,044 [FATAL] Updater:351 - Updater called before beeing initialized
2025-02-18 18:06:17,118 [WARN] DetailPanel:346 - Failed to get advertising image, set to default
2025-02-18 18:06:17,322 [FATAL] Updater:351 - Updater called before beeing initialized
2025-02-18 18:06:17,326 [FATAL] Updater:351 - Updater called before beeing initialized
2025-02-18 18:06:17,326 [FATAL] Updater:351 - Updater called before beeing initialized
2025-02-18 18:06:17,327 [WARN] DetailPanel:346 - Failed to get advertising image, set to default
2025-02-18 18:06:17,328 [FATAL] Updater:351 - Updater called before beeing initialized
2025-02-18 18:06:17,412 [ERROR] Updater:1198 - MainUpdater not yet initialized. External WinMGr cannot be set.
2025-02-18 18:06:17,426 [INFO] Updater:1134 - Updater Version found : 6.13.0
2025-02-18 18:06:17,442 [INFO] ApplicationProperties:184 - Using Application install path: /Applications/STM32CubeIDE.app/Contents/Eclipse/plugins/com.st.stm32cube.common.mx_6.13.0.202411220809
2025-02-18 18:06:17,880 [INFO] MainUpdater:2872 - connection check result : 10
2025-02-18 18:06:17,880 [INFO] MainUpdater:3566 - Updater definition file requires update
2025-02-18 18:06:17,881 [INFO] MainUpdater:289 - Updater Check For Update Now.
2025-02-18 18:06:17,881 [INFO] MicroXplorer:498 - Change Database Version : DB.6.0.130
2025-02-18 18:06:17,888 [INFO] McuFinderGlobals:63 - Set McuFinder mode to 2 (CubeIDE integrated)
2025-02-18 18:06:17,890 [INFO] UserAuth:486 - Internet connection configuration mode: 1
2025-02-18 18:06:17,903 [INFO] JxBrowserEngine:152 - Initiate JxBrowser Engine with user profile folder
2025-02-18 18:06:18,078 [INFO] ServerAccessManage:473 - Download File updaters.zip
2025-02-18 18:06:18,081 [WARN] MainUpdater:1193 - Updater busy. Cannot search thirdparties
2025-02-18 18:06:18,081 [INFO] ThirdPartyUpdaterWithRetryManager:96 - Updater plugin is busy. [1/15]
2025-02-18 18:06:18,186 [INFO] FileExtend:240 - Unzip File : updaters.zip
2025-02-18 18:06:18,187 [INFO] FileExtend:255 - Standard Zip Deflate
2025-02-18 18:06:18,380 [INFO] ServerAccessManage:473 - Download File PacksControlFlags.xml
2025-02-18 18:06:18,839 [INFO] ServerAccessManage:473 - Download File cubemx.pidx
2025-02-18 18:06:19,149 [INFO] LoadServerUpdatesThread:375 - End of LoadServerUpdate Thread
2025-02-18 18:06:19,340 [INFO] CheckServerUpdateThread:120 - End of CheckServer Thread
2025-02-18 18:06:21,314 [WARN] PackLoader:240 - Cannot read IP mode file for STMicroelectronics.FP-SNS-MOTENVWB1.1.4.0
2025-02-18 18:06:21,335 [WARN] PackLoader:240 - Cannot read IP mode file for STMicroelectronics.FP-ATR-ASTRA1.2.0.1
2025-02-18 18:06:21,346 [WARN] PackLoader:240 - Cannot read IP mode file for STMicroelectronics.X-CUBE-SMBUS.2.1.0
2025-02-18 18:06:21,357 [WARN] PackLoader:240 - Cannot read IP mode file for STMicroelectronics.X-CUBE-WB05N.1.1.0
2025-02-18 18:06:21,403 [WARN] PackLoader:240 - Cannot read IP mode file for STMicroelectronics.X-CUBE-AZRTOS-F7.1.1.0
2025-02-18 18:06:21,429 [WARN] PackLoader:240 - Cannot read IP mode file for STMicroelectronics.FP-SNS-FLIGHT1.5.0.2
2025-02-18 18:06:21,476 [WARN] PackLoader:240 - Cannot read IP mode file for Infineon.AIROC-Wi-Fi-Bluetooth-STM32.1.7.0
2025-02-18 18:06:21,517 [WARN] PackLoader:240 - Cannot read IP mode file for STMicroelectronics.X-CUBE-DISPLAY.3.0.0
2025-02-18 18:06:21,543 [WARN] PackLoader:240 - Cannot read IP mode file for STMicroelectronics.X-CUBE-BLE1.7.0.0
2025-02-18 18:06:21,557 [WARN] PackLoader:240 - Cannot read IP mode file for STMicroelectronics.X-CUBE-NFC10.1.0.0
2025-02-18 18:06:21,584 [WARN] PackLoader:240 - Cannot read IP mode file for STMicroelectronics.X-CUBE-BLEMGR.4.0.0
2025-02-18 18:06:21,622 [WARN] PackLoader:240 - Cannot read IP mode file for emotas.I-CUBE-CANOPEN.1.3.0
2025-02-18 18:06:21,641 [WARN] PackLoader:240 - Cannot read IP mode file for STMicroelectronics.X-CUBE-AI.10.0.0
2025-02-18 18:06:21,651 [WARN] PackLoader:240 - Cannot read IP mode file for STMicroelectronics.FP-SNS-SMARTAG2.1.2.0
2025-02-18 18:06:21,745 [WARN] PackLoader:240 - Cannot read IP mode file for STMicroelectronics.X-CUBE-MEMS1.11.1.0
2025-02-18 18:06:21,875 [INFO] LogOutputStream:77 - [STDOUT_REDIRECT] 1 : Invalid condition id : UX_CORESTACK_Condition cause : null
2025-02-18 18:06:21,880 [INFO] LogOutputStream:77 - [STDOUT_REDIRECT] 1 : Invalid condition id : UX_CORESTACK_Condition cause : null
2025-02-18 18:06:21,881 [INFO] LogOutputStream:77 - [STDOUT_REDIRECT] 1 : Invalid condition id : UX_CORESTACK_Condition cause : null
2025-02-18 18:06:21,881 [INFO] LogOutputStream:77 - [STDOUT_REDIRECT] 1 : Invalid condition id : UX_CORESTACK_Condition cause : null
2025-02-18 18:06:21,882 [INFO] LogOutputStream:77 - [STDOUT_REDIRECT] 1 : Invalid condition id : UX_CORESTACK_Condition cause : null
2025-02-18 18:06:21,888 [WARN] PackLoader:240 - Cannot read IP mode file for STMicroelectronics.X-CUBE-AZRTOS-WL.2.0.0
2025-02-18 18:06:21,899 [WARN] PackLoader:240 - Cannot read IP mode file for STMicroelectronics.FP-SNS-MOTENV1.5.0.0
2025-02-18 18:06:21,903 [WARN] PackLoader:240 - Cannot read IP mode file for wolfSSL.I-CUBE-wolfMQTT.1.19.0
2025-02-18 18:06:21,912 [WARN] PackLoader:240 - Cannot read IP mode file for WES.I-CUBE-Cesium.1.3.0
2025-02-18 18:06:21,919 [WARN] PackLoader:240 - Cannot read IP mode file for STMicroelectronics.X-CUBE-BLE2.3.3.0
2025-02-18 18:06:21,931 [WARN] PackLoader:240 - Cannot read IP mode file for STMicroelectronics.X-CUBE-NFC9.1.0.0
2025-02-18 18:06:21,951 [WARN] PackLoader:240 - Cannot read IP mode file for STMicroelectronics.X-CUBE-AZRTOS-G0.1.1.0
2025-02-18 18:06:21,960 [WARN] PackLoader:240 - Cannot read IP mode file for STMicroelectronics.X-CUBE-SAFEA1.1.2.2
2025-02-18 18:06:21,969 [WARN] PackLoader:240 - Cannot read IP mode file for STMicroelectronics.X-CUBE-NFC4.3.0.0
2025-02-18 18:06:21,981 [WARN] PackLoader:240 - Cannot read IP mode file for EmbeddedOffice.I-CUBE-FS-RTOS.1.0.1
2025-02-18 18:06:21,988 [WARN] PackLoader:240 - Cannot read IP mode file for STMicroelectronics.X-CUBE-TCPP.4.2.0
2025-02-18 18:06:21,993 [WARN] PackLoader:240 - Cannot read IP mode file for RealThread.X-CUBE-RT-Thread_Nano.4.1.1
2025-02-18 18:06:21,995 [WARN] PackLoader:240 - Cannot read IP mode file for STMicroelectronics.FP-ATR-SIGFOX1.3.2.0
2025-02-18 18:06:21,999 [WARN] ConditionMgr:438 - getConditionDescription Invalid condition id : Cortex-A Device cause : null
2025-02-18 18:06:22,026 [WARN] ConditionMgr:1044 - genDependencies : Invalid condition id : Cortex-A Device cause : null
2025-02-18 18:06:22,026 [WARN] ConditionMgr:1044 - genDependencies : Invalid condition id : Cortex-A Device cause : null
2025-02-18 18:06:22,027 [WARN] ConditionMgr:1044 - genDependencies : Invalid condition id : Cortex-A Device cause : null
2025-02-18 18:06:22,032 [WARN] PackLoader:240 - Cannot read IP mode file for STMicroelectronics.X-CUBE-EEPRMA1.5.1.0
2025-02-18 18:06:22,036 [WARN] PackLoader:240 - Cannot read IP mode file for wolfSSL.I-CUBE-wolfSSL.5.7.6
2025-02-18 18:06:22,059 [WARN] PackLoader:240 - Cannot read IP mode file for ITTIA_DB.I-CUBE-ITTIADB.8.9.0
2025-02-18 18:06:22,102 [WARN] PackLoader:240 - Cannot read IP mode file for SEGGER.I-CUBE-embOS.1.3.1
2025-02-18 18:06:22,152 [WARN] PackLoader:240 - Cannot read IP mode file for STMicroelectronics.X-CUBE-ALGOBUILD.1.4.0
2025-02-18 18:06:22,171 [WARN] PackLoader:240 - Cannot read IP mode file for STMicroelectronics.X-CUBE-AZRTOS-F4.1.1.0
2025-02-18 18:06:22,180 [WARN] PackLoader:240 - Cannot read IP mode file for STMicroelectronics.X-CUBE-ISPU.2.1.0
2025-02-18 18:06:22,199 [WARN] PackLoader:240 - Cannot read IP mode file for STMicroelectronics.X-CUBE-AZRTOS-L5.2.0.0
2025-02-18 18:06:22,216 [WARN] PackLoader:240 - Cannot read IP mode file for STMicroelectronics.X-CUBE-NFC6.3.1.0
2025-02-18 18:06:22,226 [WARN] PackLoader:240 - Cannot read IP mode file for STMicroelectronics.X-CUBE-DPower.1.2.0
2025-02-18 18:06:22,233 [WARN] PackLoader:240 - Cannot read IP mode file for STMicroelectronics.X-CUBE-FREERTOS.1.3.0
2025-02-18 18:06:22,239 [WARN] PackLoader:240 - Cannot read IP mode file for STMicroelectronics.X-CUBE-NFC7.1.0.1
2025-02-18 18:06:22,260 [WARN] ConditionMgr:438 - getConditionDescription Invalid condition id : LAN8742 Phy interface Condition cause : null
2025-02-18 18:06:22,261 [WARN] PackLoader:240 - Cannot read IP mode file for STMicroelectronics.X-CUBE-AZRTOS-L4.2.0.0
2025-02-18 18:06:22,264 [WARN] ConditionMgr:1044 - genDependencies : Invalid condition id : LAN8742 Phy interface Condition cause : null
2025-02-18 18:06:22,264 [WARN] ConditionMgr:1044 - genDependencies : Invalid condition id : LAN8742 Phy interface Condition cause : null
2025-02-18 18:06:22,265 [WARN] ConditionMgr:1044 - genDependencies : Invalid condition id : LAN8742 Phy interface Condition cause : null
2025-02-18 18:06:22,272 [WARN] PackLoader:240 - Cannot read IP mode file for STMicroelectronics.X-CUBE-SFXS2LP1.4.0.0
2025-02-18 18:06:22,302 [WARN] PackLoader:240 - Cannot read IP mode file for STMicroelectronics.X-CUBE-AZRTOS-H7.3.3.0
2025-02-18 18:06:22,323 [WARN] ConditionMgr:438 - getConditionDescription Invalid condition id : UX DEVICE CLASS RTOS Condition cause : null
2025-02-18 18:06:22,323 [WARN] ConditionMgr:438 - getConditionDescription Invalid condition id : UX DEVICE CLASS RTOS Condition cause : null
2025-02-18 18:06:22,328 [WARN] PackLoader:240 - Cannot read IP mode file for STMicroelectronics.X-CUBE-AZRTOS-WB.2.0.0
2025-02-18 18:06:22,329 [WARN] ConditionMgr:1044 - genDependencies : Invalid condition id : UX DEVICE CLASS RTOS Condition cause : null
2025-02-18 18:06:22,329 [WARN] ConditionMgr:1044 - genDependencies : Invalid condition id : UX DEVICE CLASS RTOS Condition cause : null
2025-02-18 18:06:22,330 [WARN] ConditionMgr:1044 - genDependencies : Invalid condition id : UX DEVICE CLASS RTOS Condition cause : null
2025-02-18 18:06:22,331 [WARN] ConditionMgr:1044 - genDependencies : Invalid condition id : UX DEVICE CLASS RTOS Condition cause : null
2025-02-18 18:06:22,331 [WARN] ConditionMgr:1044 - genDependencies : Invalid condition id : UX DEVICE CLASS RTOS Condition cause : null
2025-02-18 18:06:22,341 [WARN] PackLoader:240 - Cannot read IP mode file for STMicroelectronics.X-CUBE-GNSS1.7.0.1
2025-02-18 18:06:22,369 [WARN] PackLoader:240 - Cannot read IP mode file for STMicroelectronics.FP-SNS-STBOX1.2.0.0
2025-02-18 18:06:22,389 [WARN] PackLoader:240 - Cannot read IP mode file for STMicroelectronics.X-CUBE-SUBG2.5.0.0
2025-02-18 18:06:22,401 [WARN] PackLoader:240 - Cannot read IP mode file for Cesanta.I-CUBE-Mongoose.7.13.0
2025-02-18 18:06:22,419 [WARN] PackLoader:240 - Cannot read IP mode file for STMicroelectronics.X-CUBE-AZRTOS-G4.2.0.0
2025-02-18 18:06:22,453 [WARN] PackLoader:240 - Cannot read IP mode file for STMicroelectronics.X-CUBE-IPS.3.1.0
2025-02-18 18:06:22,474 [WARN] PackLoader:240 - Cannot read IP mode file for STMicroelectronics.X-CUBE-ALS.1.0.2
2025-02-18 18:06:22,494 [WARN] PackLoader:240 - Cannot read IP mode file for STMicroelectronics.X-CUBE-TOUCHGFX.4.24.2
2025-02-18 18:06:22,510 [WARN] PackLoader:240 - Cannot read IP mode file for wolfSSL.I-CUBE-wolfTPM.3.4.0
2025-02-18 18:06:22,521 [WARN] PackLoader:240 - Cannot read IP mode file for portGmbH.I-Cube-SoM-uGOAL.1.1.0
2025-02-18 18:06:22,555 [WARN] PackLoader:240 - Cannot read IP mode file for STMicroelectronics.X-CUBE-AZRTOS-H7RS.1.0.0
2025-02-18 18:06:22,586 [WARN] PackLoader:240 - Cannot read IP mode file for STMicroelectronics.X-CUBE-TOF1.3.4.2
2025-02-18 18:06:22,601 [WARN] PackLoader:240 - Cannot read IP mode file for wolfSSL.I-CUBE-wolfSSH.1.4.17
2025-02-18 18:06:22,602 [INFO] ThirdParty:978 - Integrity check success = true
2025-02-18 18:06:22,605 [INFO] IntegrityCheckThread:100 - exiting critical section [integrity check]
2025-02-18 18:06:22,605 [INFO] IntegrityCheckThread:103 - End integrity checks thread
2025-02-18 18:06:22,761 [INFO] WebApp:168 - Instantiating new browser for Auth
2025-02-18 18:06:24,523 [INFO] WebApp:449 - Apply proxy settings
2025-02-18 18:06:24,540 [INFO] WebApp:494 - Chromium authenticates against Manually configured proxy
2025-02-18 18:06:24,575 [INFO] WebApp:502 - Username used for proxy authentication: 
2025-02-18 18:06:24,669 [INFO] WebApp:880 - Register for checkConnection events
2025-02-18 18:06:24,669 [INFO] WebApp:449 - Apply proxy settings
2025-02-18 18:06:24,675 [INFO] WebApp:494 - Chromium authenticates against Manually configured proxy
2025-02-18 18:06:24,676 [INFO] WebApp:502 - Username used for proxy authentication: 
2025-02-18 18:06:24,866 [INFO] WebApp:221 - Starting web application
2025-02-18 18:06:24,866 [INFO] WebApp:579 - Web application path used /Applications/STM32CubeIDE.app/Contents/Eclipse/plugins/com.st.stm32cube.common.mx_6.13.0.202411220809/db/plugins/mcufinder/reactClient1/index.html
2025-02-18 18:06:25,313 [INFO] WebApp:187 - Connection restablished
2025-02-18 18:06:25,677 [INFO] UserAuth:486 - Internet connection configuration mode: 1
2025-02-18 18:06:45,982 [ERROR] LogOutputStream:75 - [STDERR_REDIRECT] 
